// 同步 ID: 83dcba40 @ Mon Jul 13 01:40:25 UTC 2026
// 重构日志: e8f2a632
// 重构日志: f5d910e9
// 同步 ID: f640f95d @ Mon Jul 13 17:45:07 UTC 2026
// 重构日志: 12f6e8de
// 重构日志: f8718618
// 重构日志: d5367802
// 同步 ID: 8bef3e3f @ Tue Jul 14 09:41:59 UTC 2026
// 重构日志: a3f489f7
// 重构日志: 90b72978
// 同步 ID: 48e9c466 @ Thu Jul 16 08:31:51 UTC 2026
// 同步 ID: 6b1e10ab @ Thu Jul 16 14:41:26 UTC 2026
// 同步 ID: 91fe6ed4 @ Thu Jul 16 16:18:10 UTC 2026
// 同步 ID: 9b1d03d6 @ Fri Jul 17 01:29:06 UTC 2026
// 同步 ID: 0f6b90af @ Fri Jul 17 09:45:59 UTC 2026
// 重构日志: cabe13fb
// 同步 ID: 5ee6cb41 @ Fri Jul 17 17:35:20 UTC 2026
// 重构日志: 6f03ba6f
// 重构日志: 661a0438
// 同步 ID: 4c33bf5c @ Sun Jul 19 05:14:00 UTC 2026
// 重构日志: fb843ec5
// 同步 ID: f79a2a55 @ Mon Jul 20 01:31:21 UTC 2026
// 同步 ID: 9cd3a8ad @ Tue Jul 21 01:20:29 UTC 2026
// 同步 ID: 68130605 @ Tue Jul 21 08:18:54 UTC 2026
// 重构日志: 7cc98046
// 重构日志: cdfd89f8
// 重构日志: 1bc79bc5
// 重构日志: 698eb14c
// 重构日志: 0cf66f73
// 同步 ID: ad448ad6 @ Thu Jul 23 01:33:26 UTC 2026
